2017-06-19 14:01:46 [ main:0 ] - [ INFO ] Refreshing org.springframework.context.support.ClassPathXmlApplicationContext@76ccd017: startup date [Mon Jun 19 14:01:46 CST 2017]; root of context hierarchy
 2017-06-19 14:01:46 [ main:257 ] - [ INFO ] Loading XML bean definitions from class path resource [config/spring-common.xml]
 2017-06-19 14:01:47 [ main:820 ] - [ INFO ] Loaded JDBC driver: com.mysql.jdbc.Driver
 2017-06-19 14:01:50 [ main:3779 ] - [ INFO ] JSR-330 'javax.inject.Inject' annotation found and supported for autowiring
 2017-06-19 14:01:50 [ main:4066 ] - [ ERROR ] Error while adding the mapper 'interface com.cogu.mapper.UserMapper' to configuration.
 java.lang.RuntimeException: Error parsing Mapper XML. Cause: org.apache.ibatis.builder.BuilderException: Wrong namespace. Expected 'com.cogu.mapper.UserMapper' but found 'com.tgb.mapper.UserMapper'.
	at org.apache.ibatis.builder.xml.XMLMapperBuilder.configurationElement(XMLMapperBuilder.java:113)
	at org.apache.ibatis.builder.xml.XMLMapperBuilder.parse(XMLMapperBuilder.java:88)
	at org.apache.ibatis.builder.annotation.MapperAnnotationBuilder.loadXmlResource(MapperAnnotationBuilder.java:158)
	at org.apache.ibatis.builder.annotation.MapperAnnotationBuilder.parse(MapperAnnotationBuilder.java:112)
	at org.apache.ibatis.binding.MapperRegistry.addMapper(MapperRegistry.java:62)
	at org.apache.ibatis.session.Configuration.addMapper(Configuration.java:628)
	at org.mybatis.spring.mapper.MapperFactoryBean.checkDaoConfig(MapperFactoryBean.java:97)
	at org.springframework.dao.support.DaoSupport.afterPropertiesSet(DaoSupport.java:44)
	at org.springframework.beans.factory.support.AbstractAutowireCapableBeanFactory.invokeInitMethods(AbstractAutowireCapableBeanFactory.java:1612)
	at org.springframework.beans.factory.support.AbstractAutowireCapableBeanFactory.initializeBean(AbstractAutowireCapableBeanFactory.java:1549)
	at org.springframework.beans.factory.support.AbstractAutowireCapableBeanFactory.doCreateBean(AbstractAutowireCapableBeanFactory.java:539)
	at org.springframework.beans.factory.support.AbstractAutowireCapableBeanFactory.createBean(AbstractAutowireCapableBeanFactory.java:475)
	at org.springframework.beans.factory.support.AbstractBeanFactory$1.getObject(AbstractBeanFactory.java:304)
	at org.springframework.beans.factory.support.DefaultSingletonBeanRegistry.getSingleton(DefaultSingletonBeanRegistry.java:228)
	at org.springframework.beans.factory.support.AbstractBeanFactory.doGetBean(AbstractBeanFactory.java:300)
	at org.springframework.beans.factory.support.AbstractBeanFactory.getBean(AbstractBeanFactory.java:195)
	at org.springframework.beans.factory.support.DefaultListableBeanFactory.preInstantiateSingletons(DefaultListableBeanFactory.java:681)
	at org.springframework.context.support.AbstractApplicationContext.finishBeanFactoryInitialization(AbstractApplicationContext.java:760)
	at org.springframework.context.support.AbstractApplicationContext.refresh(AbstractApplicationContext.java:482)
	at org.springframework.context.support.ClassPathXmlApplicationContext.<init>(ClassPathXmlApplicationContext.java:139)
	at org.springframework.context.support.ClassPathXmlApplicationContext.<init>(ClassPathXmlApplicationContext.java:83)
	at com.cogu.test.SpringTest.main(SpringTest.java:9)
Caused by: org.apache.ibatis.builder.BuilderException: Wrong namespace. Expected 'com.cogu.mapper.UserMapper' but found 'com.tgb.mapper.UserMapper'.
	at org.apache.ibatis.builder.MapperBuilderAssistant.setCurrentNamespace(MapperBuilderAssistant.java:75)
	at org.apache.ibatis.builder.xml.XMLMapperBuilder.configurationElement(XMLMapperBuilder.java:105)
	... 21 more
2017-06-19 14:04:07 [ main:1 ] - [ INFO ] Refreshing org.springframework.context.support.ClassPathXmlApplicationContext@76ccd017: startup date [Mon Jun 19 14:04:07 CST 2017]; root of context hierarchy
 2017-06-19 14:04:07 [ main:136 ] - [ INFO ] Loading XML bean definitions from class path resource [config/spring-common.xml]
 2017-06-19 14:04:08 [ main:498 ] - [ INFO ] Loaded JDBC driver: com.mysql.jdbc.Driver
 2017-06-19 14:04:09 [ main:1996 ] - [ INFO ] JSR-330 'javax.inject.Inject' annotation found and supported for autowiring
 2017-06-19 14:04:09 [ main:2130 ] - [ ERROR ] Error while adding the mapper 'interface com.cogu.mapper.UserMapper' to configuration.
 java.lang.RuntimeException: Error parsing Mapper XML. Cause: org.apache.ibatis.builder.BuilderException: Wrong namespace. Expected 'com.cogu.mapper.UserMapper' but found 'com.tgb.mapper.UserMapper'.
	at org.apache.ibatis.builder.xml.XMLMapperBuilder.configurationElement(XMLMapperBuilder.java:113)
	at org.apache.ibatis.builder.xml.XMLMapperBuilder.parse(XMLMapperBuilder.java:88)
	at org.apache.ibatis.builder.annotation.MapperAnnotationBuilder.loadXmlResource(MapperAnnotationBuilder.java:158)
	at org.apache.ibatis.builder.annotation.MapperAnnotationBuilder.parse(MapperAnnotationBuilder.java:112)
	at org.apache.ibatis.binding.MapperRegistry.addMapper(MapperRegistry.java:62)
	at org.apache.ibatis.session.Configuration.addMapper(Configuration.java:628)
	at org.mybatis.spring.mapper.MapperFactoryBean.checkDaoConfig(MapperFactoryBean.java:97)
	at org.springframework.dao.support.DaoSupport.afterPropertiesSet(DaoSupport.java:44)
	at org.springframework.beans.factory.support.AbstractAutowireCapableBeanFactory.invokeInitMethods(AbstractAutowireCapableBeanFactory.java:1612)
	at org.springframework.beans.factory.support.AbstractAutowireCapableBeanFactory.initializeBean(AbstractAutowireCapableBeanFactory.java:1549)
	at org.springframework.beans.factory.support.AbstractAutowireCapableBeanFactory.doCreateBean(AbstractAutowireCapableBeanFactory.java:539)
	at org.springframework.beans.factory.support.AbstractAutowireCapableBeanFactory.createBean(AbstractAutowireCapableBeanFactory.java:475)
	at org.springframework.beans.factory.support.AbstractBeanFactory$1.getObject(AbstractBeanFactory.java:304)
	at org.springframework.beans.factory.support.DefaultSingletonBeanRegistry.getSingleton(DefaultSingletonBeanRegistry.java:228)
	at org.springframework.beans.factory.support.AbstractBeanFactory.doGetBean(AbstractBeanFactory.java:300)
	at org.springframework.beans.factory.support.AbstractBeanFactory.getBean(AbstractBeanFactory.java:195)
	at org.springframework.beans.factory.support.DefaultListableBeanFactory.preInstantiateSingletons(DefaultListableBeanFactory.java:681)
	at org.springframework.context.support.AbstractApplicationContext.finishBeanFactoryInitialization(AbstractApplicationContext.java:760)
	at org.springframework.context.support.AbstractApplicationContext.refresh(AbstractApplicationContext.java:482)
	at org.springframework.context.support.ClassPathXmlApplicationContext.<init>(ClassPathXmlApplicationContext.java:139)
	at org.springframework.context.support.ClassPathXmlApplicationContext.<init>(ClassPathXmlApplicationContext.java:83)
	at com.cogu.test.SpringTest.main(SpringTest.java:9)
Caused by: org.apache.ibatis.builder.BuilderException: Wrong namespace. Expected 'com.cogu.mapper.UserMapper' but found 'com.tgb.mapper.UserMapper'.
	at org.apache.ibatis.builder.MapperBuilderAssistant.setCurrentNamespace(MapperBuilderAssistant.java:75)
	at org.apache.ibatis.builder.xml.XMLMapperBuilder.configurationElement(XMLMapperBuilder.java:105)
	... 21 more
2017-06-19 14:07:28 [ main:0 ] - [ INFO ] Refreshing org.springframework.context.support.ClassPathXmlApplicationContext@76ccd017: startup date [Mon Jun 19 14:07:28 CST 2017]; root of context hierarchy
 2017-06-19 14:07:28 [ main:119 ] - [ INFO ] Loading XML bean definitions from class path resource [config/spring-common.xml]
 2017-06-19 14:07:28 [ main:478 ] - [ INFO ] Loaded JDBC driver: com.mysql.jdbc.Driver
 2017-06-19 14:07:29 [ main:1009 ] - [ INFO ] JSR-330 'javax.inject.Inject' annotation found and supported for autowiring
 2017-06-19 14:07:42 [ main:0 ] - [ INFO ] Loading XML bean definitions from class path resource [config/spring-common.xml]
 2017-06-19 14:07:42 [ main:375 ] - [ INFO ] Refreshing org.springframework.context.support.GenericApplicationContext@6a024a67: startup date [Mon Jun 19 14:07:42 CST 2017]; root of context hierarchy
 2017-06-19 14:07:42 [ main:515 ] - [ INFO ] Loaded JDBC driver: com.mysql.jdbc.Driver
 2017-06-19 14:07:43 [ main:984 ] - [ INFO ] JSR-330 'javax.inject.Inject' annotation found and supported for autowiring
 2017-06-19 14:07:43 [ main:1515 ] - [ INFO ] Loading XML bean definitions from class path resource [org/springframework/jdbc/support/sql-error-codes.xml]
 2017-06-19 14:07:43 [ main:1622 ] - [ INFO ] SQLErrorCodes loaded: [DB2, Derby, H2, HSQL, Informix, MS-SQL, MySQL, Oracle, PostgreSQL, Sybase]
 2017-06-19 14:07:44 [ Thread-2:1685 ] - [ INFO ] Closing org.springframework.context.support.GenericApplicationContext@6a024a67: startup date [Mon Jun 19 14:07:42 CST 2017]; root of context hierarchy
 2017-06-19 14:08:39 [ main:0 ] - [ INFO ] Loading XML bean definitions from class path resource [config/spring-common.xml]
 2017-06-19 14:08:40 [ main:385 ] - [ INFO ] Refreshing org.springframework.context.support.GenericApplicationContext@6a024a67: startup date [Mon Jun 19 14:08:40 CST 2017]; root of context hierarchy
 2017-06-19 14:08:40 [ main:527 ] - [ INFO ] Loaded JDBC driver: com.mysql.jdbc.Driver
 2017-06-19 14:08:40 [ main:982 ] - [ INFO ] JSR-330 'javax.inject.Inject' annotation found and supported for autowiring
 2017-06-19 14:08:41 [ Thread-2:1346 ] - [ INFO ] Closing org.springframework.context.support.GenericApplicationContext@6a024a67: startup date [Mon Jun 19 14:08:40 CST 2017]; root of context hierarchy
 